10.4399 	DEBUG 	Fullscreen settings ignored as running in pilot mode.
10.4406 	INFO 	Loaded monitor calibration from ['2024_04_19 18:43']
11.1927 	EXP 	Created window1 = Window(allowGUI=True, allowStencil=False, autoLog=True, backendConf=UNKNOWN, backgroundFit=<method-wrapper '__getattribute__' of attributeSetter object at 0x00000202CD826F70>, backgroundImage=<method-wrapper '__getattribute__' of attributeSetter object at 0x00000202CD826F10>, bitsMode=UNKNOWN, blendMode='avg', bpc=(8, 8, 8), color=array([0, 0, 0]), colorSpace='rgb', depthBits=8, fullscr=<method-wrapper '__getattribute__' of attributeSetter object at 0x00000202CD826D60>, gamma=None, gammaErrorPolicy='raise', infoMsg=UNKNOWN, lms=UNKNOWN, monitor=<psychopy.monitors.calibTools.Monitor object at 0x00000202CDC0EB20>, multiSample=False, name='window1', numSamples=2, pos=[560.0, 240.0], screen=0, size=array([800, 600]), stencilBits=0, stereo=False, title='PsychoPy', units='height', useFBO=True, useRetina=False, viewOri=0.0, viewPos=None, viewScale=None, waitBlanking=True, winType='pyglet')
11.1928 	EXP 	window1: mouseVisible = True
11.1928 	EXP 	window1: backgroundImage = ''
11.1928 	EXP 	window1: backgroundFit = 'none'
11.1930 	EXP 	window1: mouseVisible = True
11.1931 	EXP 	window1: mouseVisible = True
11.1947 	EXP 	window1: mouseVisible = True
11.1953 	EXP 	window1: mouseVisible = True
11.2083 	DEBUG 	TextBox2 loaded 1 chars with 0 blanks and 1 valid
11.2098 	DEBUG 	TextBox2 loaded 1 chars with 0 blanks and 1 valid
11.2111 	DEBUG 	TextBox2 loaded 1 chars with 0 blanks and 1 valid
11.2126 	DEBUG 	TextBox2 loaded 1 chars with 0 blanks and 1 valid
11.2140 	DEBUG 	TextBox2 loaded 1 chars with 0 blanks and 1 valid
11.2149 	DEBUG 	TextBox2 loaded 1 chars with 0 blanks and 1 valid
11.2160 	DEBUG 	TextBox2 loaded 1 chars with 0 blanks and 1 valid
11.2174 	DEBUG 	TextBox2 loaded 1 chars with 0 blanks and 1 valid
11.2181 	DEBUG 	TextBox2 loaded 1 chars with 0 blanks and 1 valid
11.2189 	DEBUG 	TextBox2 loaded 1 chars with 0 blanks and 1 valid
11.2200 	DEBUG 	TextBox2 loaded 1 chars with 0 blanks and 1 valid
11.2211 	DEBUG 	TextBox2 loaded 1 chars with 0 blanks and 1 valid
11.2221 	DEBUG 	TextBox2 loaded 1 chars with 0 blanks and 1 valid
11.2232 	DEBUG 	TextBox2 loaded 1 chars with 0 blanks and 1 valid
11.2242 	DEBUG 	TextBox2 loaded 1 chars with 0 blanks and 1 valid
11.2254 	DEBUG 	TextBox2 loaded 1 chars with 0 blanks and 1 valid
11.2265 	DEBUG 	TextBox2 loaded 1 chars with 0 blanks and 1 valid
11.2273 	DEBUG 	TextBox2 loaded 1 chars with 0 blanks and 1 valid
11.2282 	DEBUG 	TextBox2 loaded 1 chars with 0 blanks and 1 valid
11.2295 	DEBUG 	TextBox2 loaded 1 chars with 0 blanks and 1 valid
11.2304 	DEBUG 	TextBox2 loaded 1 chars with 0 blanks and 1 valid
11.2306 	DEBUG 	Uploading Texture Font fontname to graphics card
11.2367 	DEBUG 	Upload of Texture Font fontname complete
11.2389 	EXP 	window1: mouseVisible = True
11.2390 	EXP 	window1: mouseVisible = True
11.2397 	EXP 	window1: mouseVisible = True
11.2403 	EXP 	window1: mouseVisible = True
11.2510 	DEBUG 	TextBox2 loaded 1 chars with 0 blanks and 1 valid
11.2524 	DEBUG 	TextBox2 loaded 1 chars with 0 blanks and 1 valid
11.2537 	DEBUG 	TextBox2 loaded 1 chars with 0 blanks and 1 valid
11.2540 	DEBUG 	Uploading Texture Font fontname to graphics card
11.2583 	DEBUG 	Upload of Texture Font fontname complete
11.2608 	EXP 	window1: Attempting to measure frame rate of screen (0) ...
11.2608 	EXP 	window1: recordFrameIntervals = False
11.3921 	EXP 	window1: recordFrameIntervals = True
11.7251 	WARNING 	t of last frame was 21.66ms (=1/46)
12.0846 	WARNING 	t of last frame was 20.04ms (=1/49)
12.1619 	WARNING 	t of last frame was 20.23ms (=1/49)
12.7278 	WARNING 	Couldn't measure a consistent frame rate!
  - Is your graphics card set to sync to vertical blank?
  - Are you running other processes on your computer?

12.7284 	EXP 	window1: mouseVisible = False
12.7321 	EXP 	window1: mouseVisible = True
12.7333 	EXP 	window1: mouseVisible = True
12.7356 	EXP 	window1: mouseVisible = True
12.7375 	EXP 	window1: mouseVisible = True
12.7533 	DEBUG 	TextBox2 loaded 1 chars with 0 blanks and 1 valid
12.7543 	DEBUG 	TextBox2 loaded 1 chars with 0 blanks and 1 valid
12.7554 	DEBUG 	TextBox2 loaded 1 chars with 0 blanks and 1 valid
12.7568 	DEBUG 	TextBox2 loaded 1 chars with 0 blanks and 1 valid
12.7581 	DEBUG 	TextBox2 loaded 1 chars with 0 blanks and 1 valid
12.7594 	DEBUG 	TextBox2 loaded 1 chars with 0 blanks and 1 valid
12.7603 	DEBUG 	TextBox2 loaded 1 chars with 0 blanks and 1 valid
12.7616 	DEBUG 	TextBox2 loaded 1 chars with 0 blanks and 1 valid
12.7630 	DEBUG 	TextBox2 loaded 1 chars with 0 blanks and 1 valid
12.7642 	DEBUG 	TextBox2 loaded 1 chars with 0 blanks and 1 valid
12.7645 	DEBUG 	Uploading Texture Font fontname to graphics card
12.7649 	DEBUG 	Upload of Texture Font fontname complete
12.7664 	EXP 	window1: mouseVisible = True
12.7665 	EXP 	window1: mouseVisible = True
12.7671 	EXP 	window1: mouseVisible = True
12.7677 	EXP 	window1: mouseVisible = True
12.8589 	WARNING 	launchHubServer: If using the iohub mouse or eyetracker devices, fullScr should be True.
15.6311 	INFO 	keyboard.Keyboard is using iohub backend.
15.6311 	EXP 	Orientation: status = STARTED
15.6313 	EXP 	window1: mouseVisible = True
15.6843 	EXP 	Created textWelcomeMessage = TextStim(__class__=<class 'psychopy.visual.text.TextStim'>, alignHoriz=method-wrapper(...), alignText='center', alignVert=method-wrapper(...), anchorHoriz='center', anchorVert='center', antialias=True, autoDraw=False, autoLog=True, bold=False, color=array([1., 1., 1.]), colorSpace='rgb', contrast=1.0, depth=0.0, draggable=False, flipHoriz=False, flipVert=False, font='Arial', fontFiles=[], height=0.05, italic=False, languageStyle='LTR', name='textWelcomeMessage', opacity=1.0, ori=0.0, pos=array([0., 0.]), rgb=UNKNOWN, text='Welcome to the Experiment', units='height', win=Window(...), wrapWidth=1)
15.6844 	EXP 	window1: mouseVisible = True
15.6914 	EXP 	Created textWelcomeContinuos = TextStim(__class__=<class 'psychopy.visual.text.TextStim'>, alignHoriz=method-wrapper(...), alignText='center', alignVert=method-wrapper(...), anchorHoriz='center', anchorVert='center', antialias=True, autoDraw=False, autoLog=True, bold=False, color=array([1., 1., 1.]), colorSpace='rgb', contrast=1.0, depth=-1.0, draggable=False, flipHoriz=False, flipVert=False, font='Arial', fontFiles=[], height=0.05, italic=False, languageStyle='LTR', name='textWelcomeContinuos', opacity=1.0, ori=0.0, pos=array([0., 0.]), rgb=UNKNOWN, text='The experiment is about to start is that okay', units='height', win=Window(...), wrapWidth=1)
0.0757 	EXP 	window1: mouseVisible = True
0.0782 	DEBUG 	Saving data for Orientation ExperimentHandler
0.0790 	INFO 	saved data to C:\Users\Noman\Desktop\Anushka\data/1_Orientation_2024-05-17_03h54.46.435.psydat
0.0797 	INFO 	saved data to 'C:\\Users\\Noman\\Desktop\\Anushka\\data/1_Orientation_2024-05-17_03h54.46.435.csv'
