26.5016 	DEBUG 	Fullscreen settings ignored as running in pilot mode.
26.5027 	INFO 	Loaded monitor calibration from ['2024_04_19 18:43']
28.5846 	EXP 	Created window1 = Window(allowGUI=True, allowStencil=False, autoLog=True, backendConf=UNKNOWN, backgroundFit=<method-wrapper '__getattribute__' of attributeSetter object at 0x00000167DA8B6E20>, backgroundImage=<method-wrapper '__getattribute__' of attributeSetter object at 0x00000167DA8B6DC0>, bitsMode=UNKNOWN, blendMode='avg', bpc=(8, 8, 8), color=array([0, 0, 0]), colorSpace='rgb', depthBits=8, fullscr=<method-wrapper '__getattribute__' of attributeSetter object at 0x00000167DA8B6C10>, gamma=None, gammaErrorPolicy='raise', infoMsg=UNKNOWN, lms=UNKNOWN, monitor=<psychopy.monitors.calibTools.Monitor object at 0x00000167DACDE9D0>, multiSample=False, name='window1', numSamples=2, pos=[560.0, 240.0], screen=0, size=array([800, 600]), stencilBits=0, stereo=False, title='PsychoPy', units='height', useFBO=True, useRetina=False, viewOri=0.0, viewPos=None, viewScale=None, waitBlanking=True, winType='pyglet')
28.5848 	EXP 	window1: mouseVisible = True
28.5848 	EXP 	window1: backgroundImage = ''
28.5849 	EXP 	window1: backgroundFit = 'none'
28.5852 	EXP 	window1: mouseVisible = True
28.5855 	EXP 	window1: mouseVisible = True
28.5948 	EXP 	window1: mouseVisible = True
28.5957 	EXP 	window1: mouseVisible = True
28.6198 	DEBUG 	TextBox2 loaded 1 chars with 0 blanks and 1 valid
28.6212 	DEBUG 	TextBox2 loaded 1 chars with 0 blanks and 1 valid
28.6226 	DEBUG 	TextBox2 loaded 1 chars with 0 blanks and 1 valid
28.6249 	DEBUG 	TextBox2 loaded 1 chars with 0 blanks and 1 valid
28.6267 	DEBUG 	TextBox2 loaded 1 chars with 0 blanks and 1 valid
28.6280 	DEBUG 	TextBox2 loaded 1 chars with 0 blanks and 1 valid
28.6295 	DEBUG 	TextBox2 loaded 1 chars with 0 blanks and 1 valid
28.6317 	DEBUG 	TextBox2 loaded 1 chars with 0 blanks and 1 valid
28.6330 	DEBUG 	TextBox2 loaded 1 chars with 0 blanks and 1 valid
28.6341 	DEBUG 	TextBox2 loaded 1 chars with 0 blanks and 1 valid
28.6357 	DEBUG 	TextBox2 loaded 1 chars with 0 blanks and 1 valid
28.6374 	DEBUG 	TextBox2 loaded 1 chars with 0 blanks and 1 valid
28.6397 	DEBUG 	TextBox2 loaded 1 chars with 0 blanks and 1 valid
28.6417 	DEBUG 	TextBox2 loaded 1 chars with 0 blanks and 1 valid
28.6433 	DEBUG 	TextBox2 loaded 1 chars with 0 blanks and 1 valid
28.6451 	DEBUG 	TextBox2 loaded 1 chars with 0 blanks and 1 valid
28.6468 	DEBUG 	TextBox2 loaded 1 chars with 0 blanks and 1 valid
28.6480 	DEBUG 	TextBox2 loaded 1 chars with 0 blanks and 1 valid
28.6493 	DEBUG 	TextBox2 loaded 1 chars with 0 blanks and 1 valid
28.6511 	DEBUG 	TextBox2 loaded 1 chars with 0 blanks and 1 valid
28.6525 	DEBUG 	TextBox2 loaded 1 chars with 0 blanks and 1 valid
28.6534 	DEBUG 	Uploading Texture Font fontname to graphics card
28.6798 	DEBUG 	Upload of Texture Font fontname complete
28.6830 	EXP 	window1: mouseVisible = True
28.6833 	EXP 	window1: mouseVisible = True
28.6852 	EXP 	window1: mouseVisible = True
28.6875 	EXP 	window1: mouseVisible = True
28.7044 	DEBUG 	TextBox2 loaded 1 chars with 0 blanks and 1 valid
28.7065 	DEBUG 	TextBox2 loaded 1 chars with 0 blanks and 1 valid
28.7089 	DEBUG 	TextBox2 loaded 1 chars with 0 blanks and 1 valid
28.7093 	DEBUG 	Uploading Texture Font fontname to graphics card
28.7158 	DEBUG 	Upload of Texture Font fontname complete
28.7215 	EXP 	window1: Attempting to measure frame rate of screen (0) ...
28.7216 	EXP 	window1: recordFrameIntervals = False
28.8273 	EXP 	window1: recordFrameIntervals = True
28.9173 	EXP 	Screen (0) actual frame rate measured at 143.65Hz
28.9173 	EXP 	window1: recordFrameIntervals = False
28.9174 	EXP 	window1: mouseVisible = False
28.9177 	EXP 	window1: mouseVisible = True
28.9179 	EXP 	window1: mouseVisible = True
28.9186 	EXP 	window1: mouseVisible = True
28.9194 	EXP 	window1: mouseVisible = True
28.9330 	DEBUG 	TextBox2 loaded 1 chars with 0 blanks and 1 valid
28.9345 	DEBUG 	TextBox2 loaded 1 chars with 0 blanks and 1 valid
28.9363 	DEBUG 	TextBox2 loaded 1 chars with 0 blanks and 1 valid
28.9387 	DEBUG 	TextBox2 loaded 1 chars with 0 blanks and 1 valid
28.9407 	DEBUG 	TextBox2 loaded 1 chars with 0 blanks and 1 valid
28.9425 	DEBUG 	TextBox2 loaded 1 chars with 0 blanks and 1 valid
28.9442 	DEBUG 	TextBox2 loaded 1 chars with 0 blanks and 1 valid
28.9461 	DEBUG 	TextBox2 loaded 1 chars with 0 blanks and 1 valid
28.9480 	DEBUG 	TextBox2 loaded 1 chars with 0 blanks and 1 valid
28.9507 	DEBUG 	TextBox2 loaded 1 chars with 0 blanks and 1 valid
28.9515 	DEBUG 	Uploading Texture Font fontname to graphics card
28.9521 	DEBUG 	Upload of Texture Font fontname complete
28.9542 	EXP 	window1: mouseVisible = True
28.9544 	EXP 	window1: mouseVisible = True
28.9552 	EXP 	window1: mouseVisible = True
28.9560 	EXP 	window1: mouseVisible = True
29.1972 	WARNING 	launchHubServer: If using the iohub mouse or eyetracker devices, fullScr should be True.
34.1807 	INFO 	keyboard.Keyboard is using iohub backend.
34.1808 	EXP 	Orientation: status = STARTED
34.1812 	EXP 	window1: mouseVisible = True
34.5506 	EXP 	Created textWelcomeMessage = TextStim(__class__=<class 'psychopy.visual.text.TextStim'>, alignHoriz=method-wrapper(...), alignText='center', alignVert=method-wrapper(...), anchorHoriz='center', anchorVert='center', antialias=True, autoDraw=False, autoLog=True, bold=False, color=array([1., 1., 1.]), colorSpace='rgb', contrast=1.0, depth=0.0, draggable=False, flipHoriz=False, flipVert=False, font='Arial', fontFiles=[], height=0.05, italic=False, languageStyle='LTR', name='textWelcomeMessage', opacity=1.0, ori=0.0, pos=array([0., 0.]), rgb=UNKNOWN, text='Welcome to the Experiment', units='height', win=Window(...), wrapWidth=1)
34.5507 	EXP 	window1: mouseVisible = True
34.5698 	EXP 	Created textWelcomeContinuos = TextStim(__class__=<class 'psychopy.visual.text.TextStim'>, alignHoriz=method-wrapper(...), alignText='center', alignVert=method-wrapper(...), anchorHoriz='center', anchorVert='center', antialias=True, autoDraw=False, autoLog=True, bold=False, color=array([1., 1., 1.]), colorSpace='rgb', contrast=1.0, depth=-1.0, draggable=False, flipHoriz=False, flipVert=False, font='Arial', fontFiles=[], height=0.05, italic=False, languageStyle='LTR', name='textWelcomeContinuos', opacity=1.0, ori=0.0, pos=array([0., 0.]), rgb=UNKNOWN, text='The experiment is about to start is that okay', units='height', win=Window(...), wrapWidth=1)
0.0217 	EXP 	textWelcomeMessage: autoDraw = True
2.0017 	EXP 	textWelcomeContinuos: autoDraw = True
2.0348 	EXP 	textWelcomeMessage: autoDraw = False
7.0057 	EXP 	textWelcomeContinuos: autoDraw = False
7.0057 	EXP 	textWelcomeMessage: autoDraw = False
7.0057 	EXP 	textWelcomeContinuos: autoDraw = False
7.0084 	EXP 	Orientation: status = STOPPED
7.0113 	INFO 	saved data to 'C:\\Users\\Noman\\Desktop\\Anushka\\data/1_Orientation_2024-05-17_02h33.48.336.csv'
7.0120 	INFO 	saved data to C:\Users\Noman\Desktop\Anushka\data/1_Orientation_2024-05-17_02h33.48.336.psydat
7.0589 	EXP 	window1: mouseVisible = True
7.7485 	DEBUG 	Saving data for Orientation ExperimentHandler
