17.8080 	DEBUG 	Fullscreen settings ignored as running in pilot mode.
17.8086 	INFO 	Loaded monitor calibration from ['2024_04_19 18:43']
18.5576 	EXP 	Created window1 = Window(allowGUI=True, allowStencil=False, autoLog=True, backendConf=UNKNOWN, backgroundFit=<method-wrapper '__getattribute__' of attributeSetter object at 0x000001E994809FD0>, backgroundImage=<method-wrapper '__getattribute__' of attributeSetter object at 0x000001E994809F70>, bitsMode=UNKNOWN, blendMode='avg', bpc=(8, 8, 8), color=array([0, 0, 0]), colorSpace='rgb', depthBits=8, fullscr=<method-wrapper '__getattribute__' of attributeSetter object at 0x000001E994809DC0>, gamma=None, gammaErrorPolicy='raise', infoMsg=UNKNOWN, lms=UNKNOWN, monitor=<psychopy.monitors.calibTools.Monitor object at 0x000001E994C6FB80>, multiSample=False, name='window1', numSamples=2, pos=[560.0, 240.0], screen=0, size=array([800, 600]), stencilBits=0, stereo=False, title='PsychoPy', units='height', useFBO=True, useRetina=False, viewOri=0.0, viewPos=None, viewScale=None, waitBlanking=True, winType='pyglet')
18.5581 	EXP 	window1: mouseVisible = True
18.5582 	EXP 	window1: backgroundImage = ''
18.5582 	EXP 	window1: backgroundFit = 'none'
18.5585 	EXP 	window1: mouseVisible = True
18.5587 	EXP 	window1: mouseVisible = True
18.5602 	EXP 	window1: mouseVisible = True
18.5609 	EXP 	window1: mouseVisible = True
18.5717 	DEBUG 	TextBox2 loaded 1 chars with 0 blanks and 1 valid
18.5727 	DEBUG 	TextBox2 loaded 1 chars with 0 blanks and 1 valid
18.5738 	DEBUG 	TextBox2 loaded 1 chars with 0 blanks and 1 valid
18.5753 	DEBUG 	TextBox2 loaded 1 chars with 0 blanks and 1 valid
18.5765 	DEBUG 	TextBox2 loaded 1 chars with 0 blanks and 1 valid
18.5773 	DEBUG 	TextBox2 loaded 1 chars with 0 blanks and 1 valid
18.5784 	DEBUG 	TextBox2 loaded 1 chars with 0 blanks and 1 valid
18.5797 	DEBUG 	TextBox2 loaded 1 chars with 0 blanks and 1 valid
18.5805 	DEBUG 	TextBox2 loaded 1 chars with 0 blanks and 1 valid
18.5813 	DEBUG 	TextBox2 loaded 1 chars with 0 blanks and 1 valid
18.5824 	DEBUG 	TextBox2 loaded 1 chars with 0 blanks and 1 valid
18.5835 	DEBUG 	TextBox2 loaded 1 chars with 0 blanks and 1 valid
18.5845 	DEBUG 	TextBox2 loaded 1 chars with 0 blanks and 1 valid
18.5856 	DEBUG 	TextBox2 loaded 1 chars with 0 blanks and 1 valid
18.5866 	DEBUG 	TextBox2 loaded 1 chars with 0 blanks and 1 valid
18.5877 	DEBUG 	TextBox2 loaded 1 chars with 0 blanks and 1 valid
18.5889 	DEBUG 	TextBox2 loaded 1 chars with 0 blanks and 1 valid
18.5897 	DEBUG 	TextBox2 loaded 1 chars with 0 blanks and 1 valid
18.5906 	DEBUG 	TextBox2 loaded 1 chars with 0 blanks and 1 valid
18.5920 	DEBUG 	TextBox2 loaded 1 chars with 0 blanks and 1 valid
18.5928 	DEBUG 	TextBox2 loaded 1 chars with 0 blanks and 1 valid
18.5931 	DEBUG 	Uploading Texture Font fontname to graphics card
18.5977 	DEBUG 	Upload of Texture Font fontname complete
18.5990 	EXP 	window1: mouseVisible = True
18.5992 	EXP 	window1: mouseVisible = True
18.5999 	EXP 	window1: mouseVisible = True
18.6005 	EXP 	window1: mouseVisible = True
18.6119 	DEBUG 	TextBox2 loaded 1 chars with 0 blanks and 1 valid
18.6133 	DEBUG 	TextBox2 loaded 1 chars with 0 blanks and 1 valid
18.6145 	DEBUG 	TextBox2 loaded 1 chars with 0 blanks and 1 valid
18.6148 	DEBUG 	Uploading Texture Font fontname to graphics card
18.6165 	DEBUG 	Upload of Texture Font fontname complete
18.6185 	EXP 	window1: Attempting to measure frame rate of screen (0) ...
18.6186 	EXP 	window1: recordFrameIntervals = False
18.7146 	EXP 	window1: recordFrameIntervals = True
18.8541 	EXP 	Screen (0) actual frame rate measured at 142.50Hz
18.8542 	EXP 	window1: recordFrameIntervals = False
18.8544 	EXP 	window1: mouseVisible = False
18.8555 	EXP 	window1: mouseVisible = True
18.8557 	EXP 	window1: mouseVisible = True
18.8563 	EXP 	window1: mouseVisible = True
18.8569 	EXP 	window1: mouseVisible = True
18.8674 	DEBUG 	TextBox2 loaded 1 chars with 0 blanks and 1 valid
18.8683 	DEBUG 	TextBox2 loaded 1 chars with 0 blanks and 1 valid
18.8694 	DEBUG 	TextBox2 loaded 1 chars with 0 blanks and 1 valid
18.8707 	DEBUG 	TextBox2 loaded 1 chars with 0 blanks and 1 valid
18.8720 	DEBUG 	TextBox2 loaded 1 chars with 0 blanks and 1 valid
18.8741 	DEBUG 	TextBox2 loaded 1 chars with 0 blanks and 1 valid
18.8753 	DEBUG 	TextBox2 loaded 1 chars with 0 blanks and 1 valid
18.8765 	DEBUG 	TextBox2 loaded 1 chars with 0 blanks and 1 valid
18.8778 	DEBUG 	TextBox2 loaded 1 chars with 0 blanks and 1 valid
18.8790 	DEBUG 	TextBox2 loaded 1 chars with 0 blanks and 1 valid
18.8793 	DEBUG 	Uploading Texture Font fontname to graphics card
18.8798 	DEBUG 	Upload of Texture Font fontname complete
18.8813 	EXP 	window1: mouseVisible = True
18.8815 	EXP 	window1: mouseVisible = True
18.8820 	EXP 	window1: mouseVisible = True
18.8826 	EXP 	window1: mouseVisible = True
18.9768 	WARNING 	launchHubServer: If using the iohub mouse or eyetracker devices, fullScr should be True.
21.7516 	INFO 	keyboard.Keyboard is using iohub backend.
21.7516 	INFO 	keyboard.Keyboard is using iohub backend.
21.7516 	EXP 	Trail2: status = STARTED
21.7518 	EXP 	window1: mouseVisible = True
21.8060 	EXP 	Created text = TextStim(__class__=<class 'psychopy.visual.text.TextStim'>, alignHoriz=method-wrapper(...), alignText='center', alignVert=method-wrapper(...), anchorHoriz='center', anchorVert='center', antialias=True, autoDraw=False, autoLog=True, bold=False, color=array([1., 1., 1.]), colorSpace='rgb', contrast=1.0, depth=0.0, draggable=False, flipHoriz=False, flipVert=False, font='Arial', fontFiles=[], height=0.05, italic=False, languageStyle='LTR', name='text', opacity=1.0, ori=0.0, pos=array([0., 0.]), rgb=UNKNOWN, text='The experiment is about to start hold tight', units='height', win=Window(...), wrapWidth=1)
0.0476 	EXP 	text: autoDraw = True
4.0055 	EXP 	Created sequence: random, trialTypes=1, nReps=10, seed=None
4.0057 	EXP 	New trial (rep=0, index=0): None
4.0104 	INFO 	Keyboard events cleared
4.0101 	EXP 	text: autoDraw = False
6.9997 	EXP 	New trial (rep=1, index=0): None
7.0092 	INFO 	Keyboard events cleared
9.9974 	EXP 	New trial (rep=2, index=0): None
10.0039 	INFO 	Keyboard events cleared
12.9903 	EXP 	New trial (rep=3, index=0): None
12.9945 	INFO 	Keyboard events cleared
15.9824 	EXP 	New trial (rep=4, index=0): None
15.9939 	INFO 	Keyboard events cleared
18.9820 	EXP 	New trial (rep=5, index=0): None
18.9933 	INFO 	Keyboard events cleared
21.9813 	EXP 	New trial (rep=6, index=0): None
21.9939 	INFO 	Keyboard events cleared
24.9807 	EXP 	New trial (rep=7, index=0): None
24.9991 	INFO 	Keyboard events cleared
27.9871 	EXP 	New trial (rep=8, index=0): None
27.9917 	INFO 	Keyboard events cleared
30.9802 	EXP 	New trial (rep=9, index=0): None
30.9990 	INFO 	Keyboard events cleared
34.0058 	EXP 	Trail2: status = STOPPED
34.0082 	INFO 	saved data to 'C:\\Users\\Noman\\Desktop\\Anushka\\data/1_Trail2_2024-05-17_04h30.59.337.csv'
34.0090 	INFO 	saved data to C:\Users\Noman\Desktop\Anushka\data/1_Trail2_2024-05-17_04h30.59.337.psydat
34.0420 	EXP 	window1: mouseVisible = True
34.6352 	DEBUG 	Saving data for Trail2 ExperimentHandler
