7.5671 	DEBUG 	Fullscreen settings ignored as running in pilot mode.
7.5676 	INFO 	Loaded monitor calibration from ['2024_04_19 18:43']
8.3331 	EXP 	Created window1 = Window(allowGUI=True, allowStencil=False, autoLog=True, backendConf=UNKNOWN, backgroundFit=<method-wrapper '__getattribute__' of attributeSetter object at 0x000001F6AD077C40>, backgroundImage=<method-wrapper '__getattribute__' of attributeSetter object at 0x000001F6AD077BE0>, bitsMode=UNKNOWN, blendMode='avg', bpc=(8, 8, 8), color=array([0, 0, 0]), colorSpace='rgb', depthBits=8, fullscr=<method-wrapper '__getattribute__' of attributeSetter object at 0x000001F6AD077A30>, gamma=None, gammaErrorPolicy='raise', infoMsg=UNKNOWN, lms=UNKNOWN, monitor=<psychopy.monitors.calibTools.Monitor object at 0x000001F6AD45E7F0>, multiSample=False, name='window1', numSamples=2, pos=[560.0, 240.0], screen=0, size=array([800, 600]), stencilBits=0, stereo=False, title='PsychoPy', units='height', useFBO=True, useRetina=False, viewOri=0.0, viewPos=None, viewScale=None, waitBlanking=True, winType='pyglet')
8.3332 	EXP 	window1: mouseVisible = True
8.3332 	EXP 	window1: backgroundImage = ''
8.3332 	EXP 	window1: backgroundFit = 'none'
8.3334 	EXP 	window1: mouseVisible = True
8.3335 	EXP 	window1: mouseVisible = True
8.3350 	EXP 	window1: mouseVisible = True
8.3356 	EXP 	window1: mouseVisible = True
8.3473 	DEBUG 	TextBox2 loaded 1 chars with 0 blanks and 1 valid
8.3485 	DEBUG 	TextBox2 loaded 1 chars with 0 blanks and 1 valid
8.3498 	DEBUG 	TextBox2 loaded 1 chars with 0 blanks and 1 valid
8.3513 	DEBUG 	TextBox2 loaded 1 chars with 0 blanks and 1 valid
8.3527 	DEBUG 	TextBox2 loaded 1 chars with 0 blanks and 1 valid
8.3537 	DEBUG 	TextBox2 loaded 1 chars with 0 blanks and 1 valid
8.3549 	DEBUG 	TextBox2 loaded 1 chars with 0 blanks and 1 valid
8.3563 	DEBUG 	TextBox2 loaded 1 chars with 0 blanks and 1 valid
8.3572 	DEBUG 	TextBox2 loaded 1 chars with 0 blanks and 1 valid
8.3580 	DEBUG 	TextBox2 loaded 1 chars with 0 blanks and 1 valid
8.3592 	DEBUG 	TextBox2 loaded 1 chars with 0 blanks and 1 valid
8.3604 	DEBUG 	TextBox2 loaded 1 chars with 0 blanks and 1 valid
8.3616 	DEBUG 	TextBox2 loaded 1 chars with 0 blanks and 1 valid
8.3628 	DEBUG 	TextBox2 loaded 1 chars with 0 blanks and 1 valid
8.3639 	DEBUG 	TextBox2 loaded 1 chars with 0 blanks and 1 valid
8.3652 	DEBUG 	TextBox2 loaded 1 chars with 0 blanks and 1 valid
8.3665 	DEBUG 	TextBox2 loaded 1 chars with 0 blanks and 1 valid
8.3675 	DEBUG 	TextBox2 loaded 1 chars with 0 blanks and 1 valid
8.3685 	DEBUG 	TextBox2 loaded 1 chars with 0 blanks and 1 valid
8.3699 	DEBUG 	TextBox2 loaded 1 chars with 0 blanks and 1 valid
8.3709 	DEBUG 	TextBox2 loaded 1 chars with 0 blanks and 1 valid
8.3711 	DEBUG 	Uploading Texture Font fontname to graphics card
8.3759 	DEBUG 	Upload of Texture Font fontname complete
8.3776 	EXP 	window1: mouseVisible = True
8.3778 	EXP 	window1: mouseVisible = True
8.3786 	EXP 	window1: mouseVisible = True
8.3793 	EXP 	window1: mouseVisible = True
8.3902 	DEBUG 	TextBox2 loaded 1 chars with 0 blanks and 1 valid
8.3916 	DEBUG 	TextBox2 loaded 1 chars with 0 blanks and 1 valid
8.3931 	DEBUG 	TextBox2 loaded 1 chars with 0 blanks and 1 valid
8.3933 	DEBUG 	Uploading Texture Font fontname to graphics card
8.3966 	DEBUG 	Upload of Texture Font fontname complete
8.3990 	EXP 	window1: Attempting to measure frame rate of screen (0) ...
8.3991 	EXP 	window1: recordFrameIntervals = False
8.5333 	EXP 	window1: recordFrameIntervals = True
9.8175 	WARNING 	Couldn't measure a consistent frame rate!
  - Is your graphics card set to sync to vertical blank?
  - Are you running other processes on your computer?

9.8176 	EXP 	window1: mouseVisible = False
9.8187 	EXP 	window1: mouseVisible = True
9.8191 	EXP 	window1: mouseVisible = True
9.8197 	EXP 	window1: mouseVisible = True
9.8204 	EXP 	window1: mouseVisible = True
9.8319 	DEBUG 	TextBox2 loaded 1 chars with 0 blanks and 1 valid
9.8327 	DEBUG 	TextBox2 loaded 1 chars with 0 blanks and 1 valid
9.8339 	DEBUG 	TextBox2 loaded 1 chars with 0 blanks and 1 valid
9.8353 	DEBUG 	TextBox2 loaded 1 chars with 0 blanks and 1 valid
9.8366 	DEBUG 	TextBox2 loaded 1 chars with 0 blanks and 1 valid
9.8380 	DEBUG 	TextBox2 loaded 1 chars with 0 blanks and 1 valid
9.8389 	DEBUG 	TextBox2 loaded 1 chars with 0 blanks and 1 valid
9.8402 	DEBUG 	TextBox2 loaded 1 chars with 0 blanks and 1 valid
9.8415 	DEBUG 	TextBox2 loaded 1 chars with 0 blanks and 1 valid
9.8428 	DEBUG 	TextBox2 loaded 1 chars with 0 blanks and 1 valid
9.8431 	DEBUG 	Uploading Texture Font fontname to graphics card
9.8436 	DEBUG 	Upload of Texture Font fontname complete
9.8452 	EXP 	window1: mouseVisible = True
9.8453 	EXP 	window1: mouseVisible = True
9.8460 	EXP 	window1: mouseVisible = True
9.8466 	EXP 	window1: mouseVisible = True
9.9397 	WARNING 	launchHubServer: If using the iohub mouse or eyetracker devices, fullScr should be True.
12.7147 	INFO 	keyboard.Keyboard is using iohub backend.
12.7148 	EXP 	Orientation: status = STARTED
12.7150 	EXP 	window1: mouseVisible = True
12.7861 	EXP 	Created textWelcomeMessage = TextStim(__class__=<class 'psychopy.visual.text.TextStim'>, alignHoriz=method-wrapper(...), alignText='center', alignVert=method-wrapper(...), anchorHoriz='center', anchorVert='center', antialias=True, autoDraw=False, autoLog=True, bold=False, color=array([1., 1., 1.]), colorSpace='rgb', contrast=1.0, depth=0.0, draggable=False, flipHoriz=False, flipVert=False, font='Arial', fontFiles=[], height=0.05, italic=False, languageStyle='LTR', name='textWelcomeMessage', opacity=1.0, ori=0.0, pos=array([0., 0.]), rgb=UNKNOWN, text='Welcome to the Experiment', units='height', win=Window(...), wrapWidth=1)
12.7863 	EXP 	window1: mouseVisible = True
12.7948 	EXP 	Created textWelcomeContinuos = TextStim(__class__=<class 'psychopy.visual.text.TextStim'>, alignHoriz=method-wrapper(...), alignText='center', alignVert=method-wrapper(...), anchorHoriz='center', anchorVert='center', antialias=True, autoDraw=False, autoLog=True, bold=False, color=array([1., 1., 1.]), colorSpace='rgb', contrast=1.0, depth=-1.0, draggable=False, flipHoriz=False, flipVert=False, font='Arial', fontFiles=[], height=0.05, italic=False, languageStyle='LTR', name='textWelcomeContinuos', opacity=1.0, ori=0.0, pos=array([0., 0.]), rgb=UNKNOWN, text='The experiment is about to start is that okay', units='height', win=Window(...), wrapWidth=1)
12.8262 	EXP 	window1: mouseVisible = True
12.8280 	DEBUG 	Saving data for Orientation ExperimentHandler
12.8289 	INFO 	saved data to C:\Users\Noman\Desktop\Anushka\data/473473_Orientation_2024-05-17_02h54.35.374.psydat
12.8297 	INFO 	saved data to 'C:\\Users\\Noman\\Desktop\\Anushka\\data/473473_Orientation_2024-05-17_02h54.35.374.csv'
